2021-10-05 19:56:38.627  INFO 29304 --- [restartedMain] l.cloud01.artifact.ArtifactApplication   : Starting ArtifactApplication using Java 1.8.0_261 on BOYLEN-PC with PID 29304 (D:\boyLen\Java\Spring05_cloud01\target\classes started by boyLenPC in D:\boyLen\Java\Spring05_cloud01)
2021-10-05 19:56:38.630 DEBUG 29304 --- [restartedMain] l.cloud01.artifact.ArtifactApplication   : Running with Spring Boot v2.5.5, Spring v5.3.10
2021-10-05 19:56:38.630  INFO 29304 --- [restartedMain] l.cloud01.artifact.ArtifactApplication   : The following profiles are active: pro
2021-10-05 19:56:38.673  INFO 29304 --- [restartedMain] .e.DevToolsPropertyDefaultsPostProcessor : Devtools property defaults active! Set 'spring.devtools.add-properties' to 'false' to disable
2021-10-05 19:56:38.673  INFO 29304 --- [restartedMain] .e.DevToolsPropertyDefaultsPostProcessor : For additional web related logging consider setting the 'logging.level.web' property to 'DEBUG'
2021-10-05 19:56:39.231  INFO 29304 --- [restartedMain] .s.d.r.c.RepositoryConfigurationDelegate : Bootstrapping Spring Data JPA repositories in DEFAULT mode.
2021-10-05 19:56:39.242  INFO 29304 --- [restartedMain] .s.d.r.c.RepositoryConfigurationDelegate : Finished Spring Data repository scanning in 4 ms. Found 0 JPA repository interfaces.
2021-10-05 19:56:39.757  INFO 29304 --- [restartedMain] o.s.b.w.embedded.tomcat.TomcatWebServer  : Tomcat initialized with port(s): 8081 (http)
2021-10-05 19:56:39.764  INFO 29304 --- [restartedMain] o.apache.catalina.core.StandardService   : Starting service [Tomcat]
2021-10-05 19:56:39.765  INFO 29304 --- [restartedMain] org.apache.catalina.core.StandardEngine  : Starting Servlet engine: [Apache Tomcat/9.0.53]
2021-10-05 19:56:39.861  INFO 29304 --- [restartedMain] o.a.c.c.C.[Tomcat].[localhost].[/]       : Initializing Spring embedded WebApplicationContext
2021-10-05 19:56:39.861  INFO 29304 --- [restartedMain] w.s.c.ServletWebServerApplicationContext : Root WebApplicationContext: initialization completed in 1176 ms
2021-10-05 19:56:39.994  INFO 29304 --- [restartedMain] o.hibernate.jpa.internal.util.LogHelper  : HHH000204: Processing PersistenceUnitInfo [name: default]
2021-10-05 19:56:40.030  INFO 29304 --- [restartedMain] org.hibernate.Version                    : HHH000412: Hibernate ORM core version 5.4.32.Final
2021-10-05 19:56:40.165  INFO 29304 --- [restartedMain] o.hibernate.annotations.common.Version   : HCANN000001: Hibernate Commons Annotations {5.1.2.Final}
2021-10-05 19:56:40.246  INFO 29304 --- [restartedMain] com.zaxxer.hikari.HikariDataSource       : HikariPool-1 - Starting...
2021-10-05 19:56:41.975  INFO 29304 --- [restartedMain] com.zaxxer.hikari.HikariDataSource       : HikariPool-1 - Start completed.
2021-10-05 19:56:41.992  INFO 29304 --- [restartedMain] org.hibernate.dialect.Dialect            : HHH000400: Using dialect: org.hibernate.dialect.MySQL8Dialect
2021-10-05 19:56:44.453  INFO 29304 --- [restartedMain] o.h.e.t.j.p.i.JtaPlatformInitiator       : HHH000490: Using JtaPlatform implementation: [org.hibernate.engine.transaction.jta.platform.internal.NoJtaPlatform]
2021-10-05 19:56:44.462  INFO 29304 --- [restartedMain] j.LocalContainerEntityManagerFactoryBean : Initialized JPA EntityManagerFactory for persistence unit 'default'
2021-10-05 19:56:44.504  WARN 29304 --- [restartedMain] JpaBaseConfiguration$JpaWebConfiguration : spring.jpa.open-in-view is enabled by default. Therefore, database queries may be performed during view rendering. Explicitly configure spring.jpa.open-in-view to disable this warning
2021-10-05 19:56:44.718  WARN 29304 --- [restartedMain] ion$DefaultTemplateResolverConfiguration : Cannot find template location: classpath:/templates/ (please add some templates or check your Thymeleaf configuration)
2021-10-05 19:56:44.821  INFO 29304 --- [restartedMain] o.s.b.d.a.OptionalLiveReloadServer       : LiveReload server is running on port 35729
2021-10-05 19:56:44.876  INFO 29304 --- [restartedMain] o.s.b.w.embedded.tomcat.TomcatWebServer  : Tomcat started on port(s): 8081 (http) with context path ''
2021-10-05 19:56:44.890  INFO 29304 --- [restartedMain] l.cloud01.artifact.ArtifactApplication   : Started ArtifactApplication in 6.774 seconds (JVM running for 9.451)
2021-10-05 19:57:14.953  INFO 29304 --- [http-nio-8081-exec-1] o.a.c.c.C.[Tomcat].[localhost].[/]       : Initializing Spring DispatcherServlet 'dispatcherServlet'
2021-10-05 19:57:14.953  INFO 29304 --- [http-nio-8081-exec-1] o.s.web.servlet.DispatcherServlet        : Initializing Servlet 'dispatcherServlet'
2021-10-05 19:57:14.954  INFO 29304 --- [http-nio-8081-exec-1] o.s.web.servlet.DispatcherServlet        : Completed initialization in 1 ms
